2020.09.04 23:01:24 INFO  started: Metals version 0.9.3 in workspace 'C:\Users\Ottigan\Desktop\Scala\repl-yell' for client vscode.
2020.09.04 23:01:24 INFO  time: initialize in 0.21s
2020.09.04 23:01:25 INFO  no build target: using presentation compiler with only scala-library
2020.09.04 23:01:26 WARN  no build target for: C:\Users\Ottigan\Desktop\Scala\repl-yell\src\main\scala\Triangle.scala
2020.09.04 23:02:01 WARN  no build target for: C:\Users\Ottigan\Desktop\Scala\repl-yell\src\main\scala\Triangle.scala
2020.09.04 23:02:48 WARN  no build target for: C:\Users\Ottigan\Desktop\Scala\repl-yell\src\test\scala\StringsTest.scala
2020.09.04 23:02:59 WARN  no build target for: C:\Users\Ottigan\Desktop\Scala\repl-yell\src\test\scala\StringsTest.scala
2020.09.04 23:03:01 WARN  no build target for: C:\Users\Ottigan\Desktop\Scala\repl-yell\src\test\scala\StringsTest.scala
2020.09.04 23:03:44 WARN  no build target for: C:\Users\Ottigan\Desktop\Scala\repl-yell\src\main\scala\Strings.scala
2020.09.04 23:04:02 WARN  no build target for: C:\Users\Ottigan\Desktop\Scala\repl-yell\src\main\scala\Strings.scala
2020.09.04 23:08:44 INFO  shutting down Metals
2020.09.04 23:08:51 INFO  started: Metals version 0.9.3 in workspace 'C:\Users\Ottigan\Desktop\Scala\repl-yell' for client vscode.
2020.09.04 23:08:52 INFO  time: initialize in 0.2s
2020.09.04 23:08:52 INFO  no build target: using presentation compiler with only scala-library
2020.09.04 23:08:52 INFO  skipping build import with status 'Requested'
2020.09.04 23:08:53 WARN  no build target for: C:\Users\Ottigan\Desktop\Scala\repl-yell\src\main\scala\Strings.scala
2020.09.04 23:19:27 WARN  no build target for: C:\Users\Ottigan\Desktop\Scala\repl-yell\src\main\scala\Triangle.scala
2020.09.04 23:19:29 WARN  no build target for: C:\Users\Ottigan\Desktop\Scala\repl-yell\src\test\scala\StringsTest.scala
2020.09.04 23:22:07 WARN  code navigation does not work for the file 'C:\Users\Ottigan\Desktop\Scala\repl-yell\src\test\scala\StringsTest.scala' because it doesn't belong to a build target.
2020.09.04 23:22:07 WARN  no build target for: C:\Users\Ottigan\Desktop\Scala\repl-yell\src\test\scala\StringsTest.scala
2020.09.04 23:22:07 WARN  no build target for: C:\Users\Ottigan\Desktop\Scala\repl-yell\src\test\scala\StringsTest.scala
2020.09.04 23:22:22 WARN  no build target for: C:\Users\Ottigan\Desktop\Scala\repl-yell\src\test\scala\StringsTest.scala
2020.09.04 23:22:22 WARN  no build target for: C:\Users\Ottigan\Desktop\Scala\repl-yell\src\test\scala\StringsTest.scala
2020.09.04 23:22:31 WARN  no build target for: C:\Users\Ottigan\Desktop\Scala\repl-yell\src\main\scala\Triangle.scala
2020.09.04 23:22:31 WARN  no build target for: C:\Users\Ottigan\Desktop\Scala\repl-yell\src\main\scala\Triangle.scala
2020.09.04 23:22:34 WARN  no build target for: C:\Users\Ottigan\Desktop\Scala\repl-yell\src\main\scala\Triangle.scala
2020.09.04 23:22:38 WARN  no build target for: C:\Users\Ottigan\Desktop\Scala\repl-yell\src\main\scala\Triangle.scala
Sep 04, 2020 11:29:18 PM org.eclipse.lsp4j.jsonrpc.services.GenericEndpoint notify
INFO: Unsupported notification method: $/setTraceNotification
2020.09.04 23:34:35 INFO  shutting down Metals
2020.09.04 23:35:19 INFO  started: Metals version 0.9.3 in workspace 'C:\Users\Ottigan\Desktop\Scala\repl-yell' for client vscode.
2020.09.04 23:35:19 INFO  time: initialize in 0.2s
2020.09.04 23:35:19 INFO  skipping build import with status 'Requested'
2020.09.04 23:36:14 INFO  shutting down Metals
2020.09.04 23:38:18 INFO  started: Metals version 0.9.3 in workspace 'C:\Users\Ottigan\Desktop\Scala\repl-yell' for client vscode.
2020.09.04 23:38:18 INFO  time: initialize in 0.21s
2020.09.04 23:38:18 INFO  shutting down Metals
2020.09.04 23:42:12 INFO  started: Metals version 0.9.3 in workspace 'C:\Users\Ottigan\Desktop\Scala\repl-yell' for client vscode.
2020.09.04 23:42:12 INFO  time: initialize in 0.2s
2020.09.04 23:42:12 INFO  skipping build import with status 'Requested'
2020.09.04 23:42:46 INFO  no build target: using presentation compiler with only scala-library
2020.09.04 23:42:46 WARN  no build target for: C:\Users\Ottigan\Desktop\Scala\repl-yell\src\main\scala\Triangle.scala
Sep 04, 2020 11:42:46 PM org.eclipse.lsp4j.jsonrpc.RemoteEndpoint handleCancellation
WARNING: Unmatched cancel notification for request id 1
2020.09.05 00:56:19 WARN  code navigation does not work for the file 'C:\Users\Ottigan\Desktop\Scala\repl-yell\src\main\scala\Triangle.scala' because it doesn't belong to a build target.
2020.09.05 01:06:10 WARN  no build target for: C:\Users\Ottigan\Desktop\Scala\repl-yell\src\main\scala\Strings.scala
2020.09.05 01:06:17 WARN  no build target for: C:\Users\Ottigan\Desktop\Scala\repl-yell\src\test\scala\StringsTest.scala
Sep 05, 2020 1:13:14 AM org.eclipse.lsp4j.jsonrpc.services.GenericEndpoint notify
INFO: Unsupported notification method: $/setTraceNotification
Sep 05, 2020 1:13:16 AM org.eclipse.lsp4j.jsonrpc.services.GenericEndpoint notify
INFO: Unsupported notification method: $/setTraceNotification
Sep 05, 2020 1:13:26 AM org.eclipse.lsp4j.jsonrpc.services.GenericEndpoint notify
INFO: Unsupported notification method: $/setTraceNotification
2020.09.05 01:15:56 INFO  shutting down Metals
2020.09.05 01:16:04 INFO  started: Metals version 0.9.3 in workspace 'C:\Users\Ottigan\Desktop\Scala\repl-yell' for client vscode.
2020.09.05 01:16:04 INFO  time: initialize in 0.21s
2020.09.05 01:16:05 INFO  no build target: using presentation compiler with only scala-library
2020.09.05 01:16:05 INFO  skipping build import with status 'Requested'
2020.09.05 01:16:06 WARN  no build target for: C:\Users\Ottigan\Desktop\Scala\repl-yell\src\main\scala\Strings.scala
2020.09.05 01:20:12 WARN  code navigation does not work for the file 'C:\Users\Ottigan\Desktop\Scala\repl-yell\src\main\scala\Strings.scala' because it doesn't belong to a build target.
2020.09.05 01:20:25 WARN  code navigation does not work for the file 'C:\Users\Ottigan\Desktop\Scala\repl-yell\src\main\scala\Strings.scala' because it doesn't belong to a build target.
2020.09.05 01:30:29 WARN  no build target for: C:\Users\Ottigan\Desktop\Scala\repl-yell\src\test\scala\StringsTest.scala
2020.09.05 01:30:32 WARN  no build target for: C:\Users\Ottigan\Desktop\Scala\repl-yell\src\main\scala\Triangle.scala
Sep 05, 2020 1:00:03 PM org.eclipse.lsp4j.jsonrpc.services.GenericEndpoint notify
INFO: Unsupported notification method: $/setTraceNotification
2020.09.05 13:20:18 WARN  no build target for: C:\Users\Ottigan\Desktop\Scala\repl-yell\src\main\scala\Strings.scala
2020.09.05 13:20:18 WARN  no build target for: C:\Users\Ottigan\Desktop\Scala\repl-yell\src\main\scala\Strings.scala
2020.09.05 13:20:57 WARN  no build target for: C:\Users\Ottigan\Desktop\Scala\repl-yell\src\main\scala\Strings.scala
2020.09.05 13:20:57 WARN  no build target for: C:\Users\Ottigan\Desktop\Scala\repl-yell\src\main\scala\Strings.scala
2020.09.05 13:20:57 WARN  no build target for: C:\Users\Ottigan\Desktop\Scala\repl-yell\src\main\scala\Strings.scala
2020.09.05 13:21:01 WARN  no build target for: C:\Users\Ottigan\Desktop\Scala\repl-yell\src\main\scala\Strings.scala
2020.09.05 13:21:03 WARN  no build target for: C:\Users\Ottigan\Desktop\Scala\repl-yell\src\main\scala\Strings.scala
2020.09.05 13:21:03 WARN  no build target for: C:\Users\Ottigan\Desktop\Scala\repl-yell\src\main\scala\Strings.scala
2020.09.05 13:21:03 WARN  no build target for: C:\Users\Ottigan\Desktop\Scala\repl-yell\src\main\scala\Strings.scala
2020.09.05 13:21:20 WARN  no build target for: C:\Users\Ottigan\Desktop\Scala\repl-yell\src\main\scala\Strings.scala
2020.09.05 13:22:08 WARN  no build target for: C:\Users\Ottigan\Desktop\Scala\repl-yell\src\main\scala\Strings.scala
2020.09.05 13:24:05 WARN  no build target for: C:\Users\Ottigan\Desktop\Scala\repl-yell\src\main\scala\Strings.scala
2020.09.05 13:24:05 WARN  no build target for: C:\Users\Ottigan\Desktop\Scala\repl-yell\src\main\scala\Strings.scala
Sep 05, 2020 1:28:03 PM org.eclipse.lsp4j.jsonrpc.services.GenericEndpoint notify
INFO: Unsupported notification method: $/setTraceNotification
Sep 05, 2020 1:29:34 PM org.eclipse.lsp4j.jsonrpc.services.GenericEndpoint notify
INFO: Unsupported notification method: $/setTraceNotification
Sep 05, 2020 1:29:38 PM org.eclipse.lsp4j.jsonrpc.services.GenericEndpoint notify
INFO: Unsupported notification method: $/setTraceNotification
2020.09.05 13:30:03 INFO  shutting down Metals
2020.09.05 13:30:12 INFO  started: Metals version 0.9.3 in workspace 'C:\Users\Ottigan\Desktop\Scala\repl-yell' for client vscode.
2020.09.05 13:30:12 INFO  time: initialize in 0.2s
2020.09.05 13:30:13 INFO  skipping build import with status 'Requested'
Sep 05, 2020 1:30:33 PM org.eclipse.lsp4j.jsonrpc.services.GenericEndpoint notify
INFO: Unsupported notification method: $/setTraceNotification
2020.09.05 13:30:40 INFO  shutting down Metals
2020.09.05 13:30:47 INFO  started: Metals version 0.9.3 in workspace 'C:\Users\Ottigan\Desktop\Scala\repl-yell' for client vscode.
2020.09.05 13:30:48 INFO  time: initialize in 0.22s
2020.09.05 13:30:48 INFO  skipping build import with status 'Requested'
Sep 05, 2020 1:31:21 PM org.eclipse.lsp4j.jsonrpc.services.GenericEndpoint notify
INFO: Unsupported notification method: $/setTraceNotification
Sep 05, 2020 1:31:56 PM org.eclipse.lsp4j.jsonrpc.services.GenericEndpoint notify
INFO: Unsupported notification method: $/setTraceNotification
Sep 05, 2020 1:31:59 PM org.eclipse.lsp4j.jsonrpc.services.GenericEndpoint notify
INFO: Unsupported notification method: $/setTraceNotification
2020.09.05 13:32:05 INFO  no build target: using presentation compiler with only scala-library
2020.09.05 13:32:05 WARN  no build target for: C:\Users\Ottigan\Desktop\Scala\repl-yell\src\main\scala\Strings.scala
Sep 05, 2020 1:32:06 PM org.eclipse.lsp4j.jsonrpc.RemoteEndpoint handleCancellation
WARNING: Unmatched cancel notification for request id 1
Sep 05, 2020 1:32:32 PM org.eclipse.lsp4j.jsonrpc.services.GenericEndpoint notify
INFO: Unsupported notification method: $/setTraceNotification
2020.09.05 13:36:23 WARN  no build target for: C:\Users\Ottigan\Desktop\Scala\repl-yell\src\main\scala\Strings.scala
2020.09.05 13:49:15 WARN  no build target for: C:\Users\Ottigan\Desktop\Scala\repl-yell\src\main\scala\Predicates.scala
2020.09.05 13:49:49 WARN  no build target for: C:\Users\Ottigan\Desktop\Scala\repl-yell\src\main\scala\Predicates.scala
something's wrong: no file:///C:/Users/Ottigan/Desktop/Scala/repl-yell/src/main/scala/Predicates.scala in (Int, <error>)RangePosition(file:///C:/Users/Ottigan/Desktop/Scala/repl-yell/src/main/scala/Predicates.scala, 79, 79, 94)
2020.09.05 13:51:49 WARN  no build target for: C:\Users\Ottigan\Desktop\Scala\repl-yell\src\main\scala\Predicates.scala
2020.09.05 13:52:13 WARN  no build target for: C:\Users\Ottigan\Desktop\Scala\repl-yell\src\main\scala\Predicates.scala
2020.09.05 13:52:13 WARN  no build target for: C:\Users\Ottigan\Desktop\Scala\repl-yell\src\main\scala\Predicates.scala
2020.09.05 13:52:15 WARN  no build target for: C:\Users\Ottigan\Desktop\Scala\repl-yell\src\main\scala\Predicates.scala
2020.09.05 13:55:11 WARN  no build target for: C:\Users\Ottigan\Desktop\Scala\repl-yell\src\main\scala\Predicates.scala
2020.09.05 13:55:16 WARN  no build target for: C:\Users\Ottigan\Desktop\Scala\repl-yell\src\main\scala\Predicates.scala
2020.09.05 14:01:29 WARN  no build target for: C:\Users\Ottigan\Desktop\Scala\repl-yell\src\main\scala\Predicates.scala
2020.09.05 14:02:08 WARN  no build target for: C:\Users\Ottigan\Desktop\Scala\repl-yell\src\main\scala\Predicates.scala
2020.09.05 14:02:38 WARN  no build target for: C:\Users\Ottigan\Desktop\Scala\repl-yell\src\main\scala\Predicates.scala
2020.09.05 14:02:56 ERROR scalafmt: C:\Users\Ottigan\Desktop\Scala\repl-yell\src\main\scala\Predicates.scala:3: error: can't mix function type and method type syntaxes
  val isEven2: (x: Int)       = x % 2 == 0
                              ^
2020.09.05 14:02:56 WARN  no build target for: C:\Users\Ottigan\Desktop\Scala\repl-yell\src\main\scala\Predicates.scala
2020.09.05 14:03:00 ERROR scalafmt: C:\Users\Ottigan\Desktop\Scala\repl-yell\src\main\scala\Predicates.scala:3: error: can't mix function type and method type syntaxes
  val isEven2: (x: Int) => x % 2 == 0
                        ^
2020.09.05 14:03:00 WARN  no build target for: C:\Users\Ottigan\Desktop\Scala\repl-yell\src\main\scala\Predicates.scala
2020.09.05 14:03:07 WARN  no build target for: C:\Users\Ottigan\Desktop\Scala\repl-yell\src\main\scala\Predicates.scala
2020.09.05 14:04:49 WARN  no build target for: C:\Users\Ottigan\Desktop\Scala\repl-yell\src\main\scala\Predicates.scala
2020.09.05 14:04:52 WARN  no build target for: C:\Users\Ottigan\Desktop\Scala\repl-yell\src\main\scala\Predicates.scala
2020.09.05 14:05:32 WARN  code navigation does not work for the file 'C:\Users\Ottigan\Desktop\Scala\repl-yell\src\main\scala\Predicates.scala' because it doesn't belong to a build target.
2020.09.05 14:05:37 WARN  code navigation does not work for the file 'C:\Users\Ottigan\Desktop\Scala\repl-yell\src\main\scala\Predicates.scala' because it doesn't belong to a build target.
2020.09.05 14:05:37 WARN  code navigation does not work for the file 'C:\Users\Ottigan\Desktop\Scala\repl-yell\src\main\scala\Predicates.scala' because it doesn't belong to a build target.
2020.09.05 14:05:37 WARN  code navigation does not work for the file 'C:\Users\Ottigan\Desktop\Scala\repl-yell\src\main\scala\Predicates.scala' because it doesn't belong to a build target.
2020.09.05 14:05:37 WARN  code navigation does not work for the file 'C:\Users\Ottigan\Desktop\Scala\repl-yell\src\main\scala\Predicates.scala' because it doesn't belong to a build target.
2020.09.05 14:05:37 WARN  code navigation does not work for the file 'C:\Users\Ottigan\Desktop\Scala\repl-yell\src\main\scala\Predicates.scala' because it doesn't belong to a build target.
2020.09.05 14:05:59 WARN  no build target for: C:\Users\Ottigan\Desktop\Scala\repl-yell\src\main\scala\Predicates.scala
2020.09.05 14:06:07 WARN  no build target for: C:\Users\Ottigan\Desktop\Scala\repl-yell\src\main\scala\Predicates.scala
2020.09.05 14:06:36 WARN  no build target for: C:\Users\Ottigan\Desktop\Scala\repl-yell\src\main\scala\Predicates.scala
2020.09.05 14:07:42 WARN  no build target for: C:\Users\Ottigan\Desktop\Scala\repl-yell\src\main\scala\Predicates.scala
something's wrong: no file:///C:/Users/Ottigan/Desktop/Scala/repl-yell/src/main/scala/Predicates.scala in Int => BooleanRangePosition(file:///C:/Users/Ottigan/Desktop/Scala/repl-yell/src/main/scala/Predicates.scala, 35, 41, 51)
2020.09.05 14:07:50 WARN  no build target for: C:\Users\Ottigan\Desktop\Scala\repl-yell\src\main\scala\Predicates.scala
2020.09.05 14:13:28 WARN  no build target for: C:\Users\Ottigan\Desktop\Scala\repl-yell\src\main\scala\Predicates.scala
2020.09.05 14:14:07 WARN  no build target for: C:\Users\Ottigan\Desktop\Scala\repl-yell\src\test\scala\PredicatesTest.scala
2020.09.05 14:14:35 WARN  no build target for: C:\Users\Ottigan\Desktop\Scala\repl-yell\src\test\scala\StringsTest.scala
2020.09.05 14:14:58 ERROR scalafmt: C:\Users\Ottigan\Desktop\Scala\repl-yell\src\test\scala\PredicatesTest.scala:1: error: . expected but end of file found
import _minitestsuite
                     ^
2020.09.05 14:14:58 WARN  no build target for: C:\Users\Ottigan\Desktop\Scala\repl-yell\src\test\scala\PredicatesTest.scala
2020.09.05 14:17:53 WARN  code navigation does not work for the file 'C:\Users\Ottigan\Desktop\Scala\repl-yell\src\test\scala\PredicatesTest.scala' because it doesn't belong to a build target.
2020.09.05 14:18:18 WARN  no build target for: C:\Users\Ottigan\Desktop\Scala\repl-yell\src\test\scala\PredicatesTest.scala
2020.09.05 14:20:57 WARN  code navigation does not work for the file 'C:\Users\Ottigan\Desktop\Scala\repl-yell\src\test\scala\PredicatesTest.scala' because it doesn't belong to a build target.
2020.09.05 14:21:18 WARN  code navigation does not work for the file 'C:\Users\Ottigan\Desktop\Scala\repl-yell\src\test\scala\PredicatesTest.scala' because it doesn't belong to a build target.
2020.09.05 14:21:32 WARN  no build target for: C:\Users\Ottigan\Desktop\Scala\repl-yell\src\test\scala\PredicatesTest.scala
Sep 05, 2020 2:25:39 PM org.eclipse.lsp4j.jsonrpc.services.GenericEndpoint notify
INFO: Unsupported notification method: $/setTraceNotification
